\BOOKMARK [0][-]{chapter*.1}{\376\377\000E\000r\000k\000l\000\344\000r\000u\000n\000g}{}% 1
\BOOKMARK [0][-]{chapter*.3}{\376\377\000K\000u\000r\000z\000f\000a\000s\000s\000u\000n\000g}{}% 2
\BOOKMARK [1][-]{section.0.1}{\376\377\000D\000e\000u\000t\000s\000c\000h\000e\000\040\000V\000e\000r\000s\000i\000o\000n}{chapter*.3}% 3
\BOOKMARK [2][-]{subsection.0.1.1}{\376\377\000A\000u\000f\000g\000a\000b\000e\000n\000s\000t\000e\000l\000l\000u\000n\000g}{section.0.1}% 4
\BOOKMARK [2][-]{subsection.0.1.2}{\376\377\000R\000e\000a\000l\000i\000s\000i\000e\000r\000u\000n\000g}{section.0.1}% 5
\BOOKMARK [2][-]{subsection.0.1.3}{\376\377\000E\000r\000g\000e\000b\000n\000i\000s\000s\000e}{section.0.1}% 6
\BOOKMARK [1][-]{section.0.2}{\376\377\000E\000n\000g\000l\000i\000s\000h\000\040\000V\000e\000r\000s\000i\000o\000n}{chapter*.3}% 7
\BOOKMARK [2][-]{subsection.0.2.1}{\376\377\000A\000s\000s\000i\000g\000n\000m\000e\000n\000t\000\040\000o\000f\000\040\000T\000a\000s\000k\000s}{section.0.2}% 8
\BOOKMARK [2][-]{subsection.0.2.2}{\376\377\000R\000e\000a\000l\000i\000s\000a\000t\000i\000o\000n}{section.0.2}% 9
\BOOKMARK [2][-]{subsection.0.2.3}{\376\377\000R\000e\000s\000u\000l\000t\000s}{section.0.2}% 10
\BOOKMARK [0][-]{chapter.1}{\376\377\000E\000i\000n\000l\000e\000i\000t\000u\000n\000g}{}% 11
\BOOKMARK [1][-]{section.1.1}{\376\377\000W\000a\000r\000u\000m\000?}{chapter.1}% 12
\BOOKMARK [1][-]{section.1.2}{\376\377\000U\000r\000s\000p\000r\000u\000n\000g\000s\000p\000r\000o\000b\000l\000e\000m}{chapter.1}% 13
\BOOKMARK [1][-]{section.1.3}{\376\377\000V\000o\000r\000g\000e\000h\000e\000n\000s\000w\000e\000i\000s\000e}{chapter.1}% 14
\BOOKMARK [2][-]{subsection.1.3.1}{\376\377\000V\000o\000r\000b\000e\000r\000e\000i\000t\000u\000n\000g}{section.1.3}% 15
\BOOKMARK [2][-]{subsection.1.3.2}{\376\377\000P\000l\000a\000n\000u\000n\000g}{section.1.3}% 16
\BOOKMARK [2][-]{subsection.1.3.3}{\376\377\000D\000u\000r\000c\000h\000f\000\374\000h\000r\000u\000n\000g}{section.1.3}% 17
\BOOKMARK [2][-]{subsection.1.3.4}{\376\377\000E\000r\000g\000e\000b\000n\000i\000s}{section.1.3}% 18
\BOOKMARK [2][-]{subsection.1.3.5}{\376\377\000O\000r\000g\000a\000n\000i\000g\000r\000a\000m\000m}{section.1.3}% 19
\BOOKMARK [0][-]{chapter.2}{\376\377\000S\000t\000u\000d\000i\000e}{}% 20
\BOOKMARK [1][-]{section.2.1}{\376\377\000A\000n\000d\000r\000o\000i\000d}{chapter.2}% 21
\BOOKMARK [2][-]{subsection.2.1.1}{\376\377\000A\000r\000c\000h\000i\000t\000e\000k\000t\000u\000r}{section.2.1}% 22
\BOOKMARK [2][-]{subsection.2.1.2}{\376\377\000S\000e\000c\000u\000r\000i\000t\000y}{section.2.1}% 23
\BOOKMARK [2][-]{subsection.2.1.3}{\376\377\000P\000r\000o\000b\000l\000e\000m\000e}{section.2.1}% 24
\BOOKMARK [0][-]{chapter.3}{\376\377\000V\000a\000r\000i\000a\000n\000t\000e\000n}{}% 25
\BOOKMARK [1][-]{section.3.1}{\376\377\000L\000i\000n\000u\000x\000\040\000M\000a\000n\000i\000p\000u\000l\000a\000t\000i\000o\000n}{chapter.3}% 26
\BOOKMARK [1][-]{section.3.2}{\376\377\000M\000D\000M\000\040\000O\000n\000l\000y}{chapter.3}% 27
\BOOKMARK [1][-]{section.3.3}{\376\377\000M\000D\000M\000\040\000+\000\040\000C\000o\000n\000t\000a\000i\000n\000e\000r}{chapter.3}% 28
\BOOKMARK [1][-]{section.3.4}{\376\377\000S\000a\000m\000s\000u\000n\000g\000\040\000K\000n\000o\000x}{chapter.3}% 29
\BOOKMARK [0][-]{chapter.4}{\376\377\000A\000u\000s\000w\000a\000h\000l\000\040\000\046\000\040\000K\000o\000n\000z\000e\000p\000t}{}% 30
\BOOKMARK [0][-]{chapter*.26}{\376\377\000Q\000u\000e\000l\000l\000e\000n\000v\000e\000r\000z\000e\000i\000c\000h\000n\000i\000s}{}% 31
